<?xml version="1.0" encoding="UTF-8"?>
<!-- Generated by org.testng.reporters.JUnitReportReporter -->
<testsuite hostname="PUN-LAP-KOTHA" failures="1" tests="4" name="cucumberOptions.TestNg_testRunner" time="393.899" errors="0" timestamp="2023-06-12T15:19:50 IST" skipped="0">
  <testcase classname="cucumberOptions.TestNg_testRunner" name="runScenario" time="53.194"/>
  <system-out/>
  <testcase classname="cucumberOptions.TestNg_testRunner" name="runScenario" time="57.037">
    <failure message="expected [No data] but found [Beetroot]" type="java.lang.AssertionError">
      <![CDATA[java.lang.AssertionError: expected [No data] but found [Beetroot]
at org.testng.Assert.fail(Assert.java:110)
at org.testng.Assert.failNotEquals(Assert.java:1577)
at org.testng.Assert.assertEqualsImpl(Assert.java:149)
at org.testng.Assert.assertEquals(Assert.java:131)
at org.testng.Assert.assertEquals(Assert.java:655)
at org.testng.Assert.assertEquals(Assert.java:665)
at steps.OfferPage_stepDefination.validating_offers_page_product_name_with_home_page_product_name(OfferPage_stepDefination.java:50)
at âœ½.Validating offers page productName with home page productName(file:///D:/eclipse-workspace/CucumberFramework/src/test/java/features/SearchProduct.feature:8)
]]>
    </failure>
  </testcase> <!-- runScenario -->
  <system-out/>
  <testcase classname="cucumberOptions.TestNg_testRunner" name="runScenario" time="119.168"/>
  <system-out/>
  <testcase classname="cucumberOptions.TestNg_testRunner" name="runScenario" time="164.500"/>
  <system-out/>
</testsuite> <!-- cucumberOptions.TestNg_testRunner -->
